<?xml version="1.0" encoding="utf-8"?><testsuites name="pytest tests"><testsuite name="pytest" errors="0" failures="0" skipped="0" tests="8" time="1.373" timestamp="2026-06-08T12:35:38.472348+00:00" hostname="agent-env-4e2fd41b-8ef6-40d7-aa18-25c288a67469"><testcase classname="backend.tests.test_navair_api.TestWaitlist" name="test_count_endpoint" time="0.174" /><testcase classname="backend.tests.test_navair_api.TestWaitlist" name="test_create_and_duplicate_waitlist" time="0.124" /><testcase classname="backend.tests.test_navair_api.TestWaitlist" name="test_invalid_email" time="0.054" /><testcase classname="backend.tests.test_navair_api.TestPrebookStatus" name="test_status_endpoint" time="0.060" /><testcase classname="backend.tests.test_navair_api.TestSendOtp" name="test_invalid_phone" time="0.059" /><testcase classname="backend.tests.test_navair_api.TestSendOtp" name="test_send_otp_ok" time="0.070" /><testcase classname="backend.tests.test_navair_api.TestDemoModeOtpE2E" name="test_demo_send_and_verify" time="0.249" /><testcase classname="backend.tests.test_navair_api.TestRateLimit" name="test_rate_limit_429" time="0.432" /></testsuite></testsuites>