<?xml version="1.0" encoding="utf-8"?><testsuites name="pytest tests"><testsuite name="pytest" errors="0" failures="0" skipped="0" tests="14" time="1.645" timestamp="2026-06-09T06:53:23.953123+00:00" hostname="agent-env-4e2fd41b-8ef6-40d7-aa18-25c288a67469"><testcase classname="backend.tests.test_navair_api.TestWaitlist" name="test_count_endpoint" time="0.172" /><testcase classname="backend.tests.test_navair_api.TestWaitlist" name="test_create_and_duplicate_waitlist" time="0.104" /><testcase classname="backend.tests.test_navair_api.TestWaitlist" name="test_invalid_email" time="0.046" /><testcase classname="backend.tests.test_navair_api.TestPrebookStatus" name="test_status_endpoint" time="0.053" /><testcase classname="backend.tests.test_navair_api.TestWaitlistAirSeries" name="test_air_series_source_persists" time="0.095" /><testcase classname="backend.tests.test_navair_api.TestEmailOtp" name="test_invalid_email_send" time="0.046" /><testcase classname="backend.tests.test_navair_api.TestEmailOtp" name="test_send_email_otp_ok" time="0.058" /><testcase classname="backend.tests.test_navair_api.TestEmailOtp" name="test_verify_email_invalid_code" time="0.046" /><testcase classname="backend.tests.test_navair_api.TestEmailOtp" name="test_verify_email_bad_code_format" time="0.044" /><testcase classname="backend.tests.test_navair_api.TestEmailOtpDemoE2E" name="test_demo_email_send_and_verify" time="0.194" /><testcase classname="backend.tests.test_navair_api.TestSendOtp" name="test_invalid_phone" time="0.046" /><testcase classname="backend.tests.test_navair_api.TestSendOtp" name="test_send_otp_ok" time="0.049" /><testcase classname="backend.tests.test_navair_api.TestDemoModeOtpE2E" name="test_demo_send_and_verify" time="0.187" /><testcase classname="backend.tests.test_navair_api.TestRateLimit" name="test_rate_limit_429" time="0.342" /></testsuite></testsuites>