<?xml version="1.0" encoding="utf-8"?><testsuites name="pytest tests"><testsuite name="pytest" errors="0" failures="0" skipped="3" tests="14" time="2.886" timestamp="2026-06-09T06:53:01.074049+00:00" hostname="agent-env-4e2fd41b-8ef6-40d7-aa18-25c288a67469"><testcase classname="backend.tests.test_navair_api.TestWaitlist" name="test_count_endpoint" time="0.290" /><testcase classname="backend.tests.test_navair_api.TestWaitlist" name="test_create_and_duplicate_waitlist" time="0.107" /><testcase classname="backend.tests.test_navair_api.TestWaitlist" name="test_invalid_email" time="0.168" /><testcase classname="backend.tests.test_navair_api.TestPrebookStatus" name="test_status_endpoint" time="0.049" /><testcase classname="backend.tests.test_navair_api.TestWaitlistAirSeries" name="test_air_series_source_persists" time="0.116" /><testcase classname="backend.tests.test_navair_api.TestEmailOtp" name="test_invalid_email_send" time="0.048" /><testcase classname="backend.tests.test_navair_api.TestEmailOtp" name="test_send_email_otp_ok" time="1.302" /><testcase classname="backend.tests.test_navair_api.TestEmailOtp" name="test_verify_email_invalid_code" time="0.049" /><testcase classname="backend.tests.test_navair_api.TestEmailOtp" name="test_verify_email_bad_code_format" time="0.045" /><testcase classname="backend.tests.test_navair_api.TestEmailOtpDemoE2E" name="test_demo_email_send_and_verify" time="0.046"><skipped type="pytest.skip" message="Backend has Gmail enabled; skipping email demo E2E test">/app/backend/tests/test_navair_api.py:135: Backend has Gmail enabled; skipping email demo E2E test</skipped></testcase><testcase classname="backend.tests.test_navair_api.TestSendOtp" name="test_invalid_phone" time="0.047" /><testcase classname="backend.tests.test_navair_api.TestSendOtp" name="test_send_otp_ok" time="0.315" /><testcase classname="backend.tests.test_navair_api.TestDemoModeOtpE2E" name="test_demo_send_and_verify" time="0.048"><skipped type="pytest.skip" message="Backend in LIVE Twilio mode; skipping demo E2E tests">/app/backend/tests/test_navair_api.py:195: Backend in LIVE Twilio mode; skipping demo E2E tests</skipped></testcase><testcase classname="backend.tests.test_navair_api.TestRateLimit" name="test_rate_limit_429" time="0.046"><skipped type="pytest.skip" message="Backend in LIVE Twilio mode; skipping rate-limit test">/app/backend/tests/test_navair_api.py:230: Backend in LIVE Twilio mode; skipping rate-limit test</skipped></testcase></testsuite></testsuites>