<?xml version="1.0" encoding="utf-8"?><testsuites name="pytest tests"><testsuite name="pytest" errors="0" failures="0" skipped="2" tests="8" time="1.372" timestamp="2026-06-09T06:52:27.313522+00:00" hostname="agent-env-4e2fd41b-8ef6-40d7-aa18-25c288a67469"><testcase classname="backend.tests.test_navair_api.TestWaitlist" name="test_count_endpoint" time="0.335" /><testcase classname="backend.tests.test_navair_api.TestWaitlist" name="test_create_and_duplicate_waitlist" time="0.114" /><testcase classname="backend.tests.test_navair_api.TestWaitlist" name="test_invalid_email" time="0.046" /><testcase classname="backend.tests.test_navair_api.TestPrebookStatus" name="test_status_endpoint" time="0.050" /><testcase classname="backend.tests.test_navair_api.TestSendOtp" name="test_invalid_phone" time="0.045" /><testcase classname="backend.tests.test_navair_api.TestSendOtp" name="test_send_otp_ok" time="0.472" /><testcase classname="backend.tests.test_navair_api.TestDemoModeOtpE2E" name="test_demo_send_and_verify" time="0.045"><skipped type="pytest.skip" message="Backend in LIVE Twilio mode; skipping demo E2E tests">/app/backend/tests/test_navair_api.py:109: Backend in LIVE Twilio mode; skipping demo E2E tests</skipped></testcase><testcase classname="backend.tests.test_navair_api.TestRateLimit" name="test_rate_limit_429" time="0.044"><skipped type="pytest.skip" message="Backend in LIVE Twilio mode; skipping rate-limit test">/app/backend/tests/test_navair_api.py:144: Backend in LIVE Twilio mode; skipping rate-limit test</skipped></testcase></testsuite></testsuites>